-------------------------------------------------------------------------------
Test set: es.iespuertodelacruz.procesadores.controladores.ArquitecturaControladorTest
-------------------------------------------------------------------------------
<<<<<<< HEAD
Tests run: 4, Failures: 0, Errors: 0, Skipped: 0, Time elapsed: 0.123 s - in es.iespuertodelacruz.procesadores.controladores.ArquitecturaControladorTest
=======
<<<<<<< HEAD
Tests run: 4, Failures: 0, Errors: 0, Skipped: 0, Time elapsed: 13.621 s - in es.iespuertodelacruz.procesadores.controladores.ArquitecturaControladorTest
=======
Tests run: 4, Failures: 0, Errors: 0, Skipped: 0, Time elapsed: 0.084 s - in es.iespuertodelacruz.procesadores.controladores.ArquitecturaControladorTest
>>>>>>> 61a3bb76c5a1a92acc738f66fc0bdf0c7451656a
>>>>>>> 07eb8b8559c2da133858ca4bbbc1689e4eaad3e8
